<?xml version="1.0" encoding="UTF-8"?>
<!-- Generated by org.testng.reporters.JUnitXMLReporter -->
<testsuite ignored="0" hostname="DESKTOP-LOFOO1Q" failures="0" tests="4" name="CurrentAccount" time="7.204" errors="0" timestamp="2022-10-02T21:19:59 IST">
  <testcase classname="DemoTest.VerifyTitle" name="VerifyPageTitle" time="7.128"/>
  <testcase classname="DemoTest.CurrentAcTestClass" name="test1" time="0.002"/>
  <testcase classname="DemoTest.CurrentAcTestClass" name="test2" time="0.005"/>
  <testcase classname="DemoTest.CurrentAcTestClass" name="test3" time="0.004"/>
</testsuite> <!-- CurrentAccount -->
