<?xml version="1.0" encoding="UTF-8"?>
<!-- Generated by org.testng.reporters.JUnitXMLReporter -->
<testsuite ignored="0" hostname="DESKTOP-LOFOO1Q" failures="0" tests="4" name="Test" time="0.13" errors="0" timestamp="2022-10-02T22:38:16 IST">
  <testcase classname="DemoTest.TestCase1" name="test1" time="0.01"/>
  <testcase classname="DemoTest.TestCase1" name="test2" time="0.002"/>
  <testcase classname="DemoTest.TestCase2" name="test3" time="0.004"/>
  <testcase classname="DemoTest.TestCase2" name="test4" time="0.004"/>
</testsuite> <!-- Test -->
