<?xml version="1.0" encoding="UTF-8"?>
<!-- Generated by org.testng.reporters.JUnitXMLReporter -->
<testsuite ignored="4" hostname="DESKTOP-LOFOO1Q" failures="0" tests="2" name="Test" time="0.084" errors="0" timestamp="2022-10-02T22:02:22 IST">
  <testcase classname="DemoTest.LoanDepartment" name="MobileLoginAutomationLoan" time="0.016"/>
  <testcase classname="DemoTest.LoanDepartment" name="MobileLoginPersonalLoan" time="0.004"/>
  <testcase classname="DemoTest.LoanDepartment" name="WebLoginAutomationLoan" time="0.0">
    <ignored/>
  </testcase> <!-- WebLoginAutomationLoan -->
  <testcase classname="DemoTest.LoanDepartment" name="WebLoginPersonalLoan" time="0.0">
    <ignored/>
  </testcase> <!-- WebLoginPersonalLoan -->
  <testcase classname="DemoTest.LoanDepartment" name="APILoginAutomationLoan" time="0.0">
    <ignored/>
  </testcase> <!-- APILoginAutomationLoan -->
  <testcase classname="DemoTest.LoanDepartment" name="APILoginPersonalLoan" time="0.0">
    <ignored/>
  </testcase> <!-- APILoginPersonalLoan -->
</testsuite> <!-- Test -->
